fetching kickoff26...
fetching ESPN 2026-06-11 .. 2026-06-24...
espn 20260611: 2 event(s)
espn 20260612: 2 event(s)
espn 20260613: 3 event(s)
espn 20260614: 5 event(s)
espn 20260615: 4 event(s)
espn 20260616: 3 event(s)
espn 20260617: 5 event(s)
espn 20260618: 4 event(s)
espn 20260619: 4 event(s)
espn 20260620: 3 event(s)
espn 20260621: 5 event(s)
espn 20260622: 4 event(s)
espn 20260623: 4 event(s)
espn 20260624: 6 event(s)
done: 54 enriched, 50 finished / 2 live / 52 scheduled
wrote /home/ubuntu/workspace/gotech.education/worldcup.gotech.education/output/worldcup2026-snapshot.json
fetching kickoff26...
fetching ESPN 2026-06-11 .. 2026-06-24...
espn 20260611: 2 event(s)
espn 20260612: 2 event(s)
espn 20260613: 3 event(s)
espn 20260614: 5 event(s)
espn 20260615: 4 event(s)
espn 20260616: 3 event(s)
espn 20260617: 5 event(s)
espn 20260618: 4 event(s)
espn 20260619: 4 event(s)
espn 20260620: 3 event(s)
espn 20260621: 5 event(s)
espn 20260622: 4 event(s)
espn 20260623: 4 event(s)
espn 20260624: 6 event(s)
done: 54 enriched, 50 finished / 2 live / 52 scheduled
wrote /home/ubuntu/workspace/gotech.education/worldcup.gotech.education/output/worldcup2026-snapshot.json
fetching kickoff26...
fetching ESPN 2026-06-11 .. 2026-06-24...
espn 20260611: 2 event(s)
espn 20260612: 2 event(s)
espn 20260613: 3 event(s)
espn 20260614: 5 event(s)
espn 20260615: 4 event(s)
espn 20260616: 3 event(s)
espn 20260617: 5 event(s)
espn 20260618: 4 event(s)
espn 20260619: 4 event(s)
espn 20260620: 3 event(s)
espn 20260621: 5 event(s)
espn 20260622: 4 event(s)
espn 20260623: 4 event(s)
espn 20260624: 6 event(s)
done: 54 enriched, 50 finished / 2 live / 52 scheduled
wrote /home/ubuntu/workspace/gotech.education/worldcup.gotech.education/output/worldcup2026-snapshot.json
